This is pdfTeX, Version 3.14159265-2.6-1.40.21 (TeX Live 2020/W32TeX) (preloaded format=pdflatex 2020.10.22)  4 APR 2022 19:21
entering extended mode
 restricted \write18 enabled.
 %&-line parsing enabled.
**HLSR_ACE.tex
(./HLSR_ACE.tex
LaTeX2e <2020-10-01> patch level 1
L3 programming layer <2020-10-05> xparse <2020-03-03> (c:/Users/jchustac/dev/Ti
nyTeX/texmf-dist/tex/latex/base/book.cls
Document Class: book 2020/04/10 v1.4m Standard LaTeX document class
(c:/Users/jchustac/dev/TinyTeX/texmf-dist/tex/latex/base/bk10.clo
File: bk10.clo 2020/04/10 v1.4m Standard LaTeX file (size option)
)
\c@part=\count175
\c@chapter=\count176
\c@section=\count177
\c@subsection=\count178
\c@subsubsection=\count179
\c@paragraph=\count180
\c@subparagraph=\count181
\c@figure=\count182
\c@table=\count183
\abovecaptionskip=\skip47
\belowcaptionskip=\skip48
\bibindent=\dimen138
) (c:/Users/jchustac/dev/TinyTeX/texmf-dist/tex/latex/amsmath/amsmath.sty
Package: amsmath 2020/09/23 v2.17i AMS math features
\@mathmargin=\skip49
For additional information on amsmath, use the `?' option.
(c:/Users/jchustac/dev/TinyTeX/texmf-dist/tex/latex/amsmath/amstext.sty
Package: amstext 2000/06/29 v2.01 AMS text
(c:/Users/jchustac/dev/TinyTeX/texmf-dist/tex/latex/amsmath/amsgen.sty
File: amsgen.sty 1999/11/30 v2.0 generic functions
\@emptytoks=\toks15
\ex@=\dimen139
)) (c:/Users/jchustac/dev/TinyTeX/texmf-dist/tex/latex/amsmath/amsbsy.sty
Package: amsbsy 1999/11/29 v1.2d Bold Symbols
\pmbraise@=\dimen140
) (c:/Users/jchustac/dev/TinyTeX/texmf-dist/tex/latex/amsmath/amsopn.sty
Package: amsopn 2016/03/08 v2.02 operator names
)
\inf@bad=\count184
LaTeX Info: Redefining \frac on input line 234.
\uproot@=\count185
\leftroot@=\count186
LaTeX Info: Redefining \overline on input line 399.
\classnum@=\count187
\DOTSCASE@=\count188
LaTeX Info: Redefining \ldots on input line 496.
LaTeX Info: Redefining \dots on input line 499.
LaTeX Info: Redefining \cdots on input line 620.
\Mathstrutbox@=\box47
\strutbox@=\box48
\big@size=\dimen141
LaTeX Font Info:    Redeclaring font encoding OML on input line 743.
LaTeX Font Info:    Redeclaring font encoding OMS on input line 744.
\macc@depth=\count189
\c@MaxMatrixCols=\count190
\dotsspace@=\muskip16
\c@parentequation=\count191
\dspbrk@lvl=\count192
\tag@help=\toks16
\row@=\count193
\column@=\count194
\maxfields@=\count195
\andhelp@=\toks17
\eqnshift@=\dimen142
\alignsep@=\dimen143
\tagshift@=\dimen144
\tagwidth@=\dimen145
\totwidth@=\dimen146
\lineht@=\dimen147
\@envbody=\toks18
\multlinegap=\skip50
\multlinetaggap=\skip51
\mathdisplay@stack=\toks19
LaTeX Info: Redefining \[ on input line 2923.
LaTeX Info: Redefining \] on input line 2924.
) (c:/Users/jchustac/dev/TinyTeX/texmf-dist/tex/latex/amsfonts/amssymb.sty
Package: amssymb 2013/01/14 v3.01 AMS font symbols
(c:/Users/jchustac/dev/TinyTeX/texmf-dist/tex/latex/amsfonts/amsfonts.sty
Package: amsfonts 2013/01/14 v3.01 Basic AMSFonts support
\symAMSa=\mathgroup4
\symAMSb=\mathgroup5
LaTeX Font Info:    Redeclaring math symbol \hbar on input line 98.
LaTeX Font Info:    Overwriting math alphabet `\mathfrak' in version `bold'
(Font)                  U/euf/m/n --> U/euf/b/n on input line 106.
)) (c:/Users/jchustac/dev/TinyTeX/texmf-dist/tex/latex/lm/lmodern.sty
Package: lmodern 2009/10/30 v1.6 Latin Modern Fonts
LaTeX Font Info:    Overwriting symbol font `operators' in version `normal'
(Font)                  OT1/cmr/m/n --> OT1/lmr/m/n on input line 22.
LaTeX Font Info:    Overwriting symbol font `letters' in version `normal'
(Font)                  OML/cmm/m/it --> OML/lmm/m/it on input line 23.
LaTeX Font Info:    Overwriting symbol font `symbols' in version `normal'
(Font)                  OMS/cmsy/m/n --> OMS/lmsy/m/n on input line 24.
LaTeX Font Info:    Overwriting symbol font `largesymbols' in version `normal'
(Font)                  OMX/cmex/m/n --> OMX/lmex/m/n on input line 25.
LaTeX Font Info:    Overwriting symbol font `operators' in version `bold'
(Font)                  OT1/cmr/bx/n --> OT1/lmr/bx/n on input line 26.
LaTeX Font Info:    Overwriting symbol font `letters' in version `bold'
(Font)                  OML/cmm/b/it --> OML/lmm/b/it on input line 27.
LaTeX Font Info:    Overwriting symbol font `symbols' in version `bold'
(Font)                  OMS/cmsy/b/n --> OMS/lmsy/b/n on input line 28.
LaTeX Font Info:    Overwriting symbol font `largesymbols' in version `bold'
(Font)                  OMX/cmex/m/n --> OMX/lmex/m/n on input line 29.
LaTeX Font Info:    Overwriting math alphabet `\mathbf' in version `normal'
(Font)                  OT1/cmr/bx/n --> OT1/lmr/bx/n on input line 31.
LaTeX Font Info:    Overwriting math alphabet `\mathsf' in version `normal'
(Font)                  OT1/cmss/m/n --> OT1/lmss/m/n on input line 32.
LaTeX Font Info:    Overwriting math alphabet `\mathit' in version `normal'
(Font)                  OT1/cmr/m/it --> OT1/lmr/m/it on input line 33.
LaTeX Font Info:    Overwriting math alphabet `\mathtt' in version `normal'
(Font)                  OT1/cmtt/m/n --> OT1/lmtt/m/n on input line 34.
LaTeX Font Info:    Overwriting math alphabet `\mathbf' in version `bold'
(Font)                  OT1/cmr/bx/n --> OT1/lmr/bx/n on input line 35.
LaTeX Font Info:    Overwriting math alphabet `\mathsf' in version `bold'
(Font)                  OT1/cmss/bx/n --> OT1/lmss/bx/n on input line 36.
LaTeX Font Info:    Overwriting math alphabet `\mathit' in version `bold'
(Font)                  OT1/cmr/bx/it --> OT1/lmr/bx/it on input line 37.
LaTeX Font Info:    Overwriting math alphabet `\mathtt' in version `bold'
(Font)                  OT1/cmtt/m/n --> OT1/lmtt/m/n on input line 38.
) (c:/Users/jchustac/dev/TinyTeX/texmf-dist/tex/generic/iftex/ifxetex.sty
Package: ifxetex 2019/10/25 v0.7 ifxetex legacy package. Use iftex instead.
(c:/Users/jchustac/dev/TinyTeX/texmf-dist/tex/generic/iftex/iftex.sty
Package: iftex 2020/03/06 v1.0d TeX engine tests
)) (c:/Users/jchustac/dev/TinyTeX/texmf-dist/tex/generic/iftex/ifluatex.sty
Package: ifluatex 2019/10/25 v1.5 ifluatex legacy package. Use iftex instead.
) (c:/Users/jchustac/dev/TinyTeX/texmf-dist/tex/latex/base/fontenc.sty
Package: fontenc 2020/08/10 v2.0s Standard LaTeX package
LaTeX Font Info:    Trying to load font information for T1+lmr on input line 11
2.
(c:/Users/jchustac/dev/TinyTeX/texmf-dist/tex/latex/lm/t1lmr.fd
File: t1lmr.fd 2009/10/30 v1.6 Font defs for Latin Modern
)) (c:/Users/jchustac/dev/TinyTeX/texmf-dist/tex/latex/base/inputenc.sty
Package: inputenc 2020/08/01 v1.3d Input encoding file
\inpenc@prehook=\toks20
\inpenc@posthook=\toks21
) (c:/Users/jchustac/dev/TinyTeX/texmf-dist/tex/latex/base/textcomp.sty
Package: textcomp 2020/02/02 v2.0n Standard LaTeX package
) (c:/Users/jchustac/dev/TinyTeX/texmf-dist/tex/latex/microtype/microtype.sty
Package: microtype 2019/11/18 v2.7d Micro-typographical refinements (RS)
(c:/Users/jchustac/dev/TinyTeX/texmf-dist/tex/latex/graphics/keyval.sty
Package: keyval 2014/10/28 v1.15 key=value parser (DPC)
\KV@toks@=\toks22
)
\MT@toks=\toks23
\MT@count=\count196
LaTeX Info: Redefining \textls on input line 790.
\MT@outer@kern=\dimen148
LaTeX Info: Redefining \textmicrotypecontext on input line 1354.
\MT@listname@count=\count197

(c:/Users/jchustac/dev/TinyTeX/texmf-dist/tex/latex/microtype/microtype-pdftex.
def
File: microtype-pdftex.def 2019/11/18 v2.7d Definitions specific to pdftex (RS)

LaTeX Info: Redefining \lsstyle on input line 914.
LaTeX Info: Redefining \lslig on input line 914.
\MT@outer@space=\skip52
)
Package microtype Info: Loading configuration file microtype.cfg.
(c:/Users/jchustac/dev/TinyTeX/texmf-dist/tex/latex/microtype/microtype.cfg
File: microtype.cfg 2019/11/18 v2.7d microtype main configuration file (RS)
)) (c:/Users/jchustac/dev/TinyTeX/texmf-dist/tex/latex/parskip/parskip.sty
Package: parskip 2020-06-15 v2.0f non-zero parskip adjustments
(c:/Users/jchustac/dev/TinyTeX/texmf-dist/tex/latex/kvoptions/kvoptions.sty
Package: kvoptions 2020-10-07 v3.14 Key value format for package options (HO)
(c:/Users/jchustac/dev/TinyTeX/texmf-dist/tex/generic/ltxcmds/ltxcmds.sty
Package: ltxcmds 2020-05-10 v1.25 LaTeX kernel commands for general use (HO)
) (c:/Users/jchustac/dev/TinyTeX/texmf-dist/tex/generic/kvsetkeys/kvsetkeys.sty
Package: kvsetkeys 2019/12/15 v1.18 Key value parser (HO)
)) (c:/Users/jchustac/dev/TinyTeX/texmf-dist/tex/latex/etoolbox/etoolbox.sty
Package: etoolbox 2020/10/05 v2.5k e-TeX tools for LaTeX (JAW)
\etb@tempcnta=\count198
)) (c:/Users/jchustac/dev/TinyTeX/texmf-dist/tex/latex/xcolor/xcolor.sty
Package: xcolor 2016/05/11 v2.12 LaTeX color extensions (UK)
(c:/Users/jchustac/dev/TinyTeX/texmf-dist/tex/latex/graphics-cfg/color.cfg
File: color.cfg 2016/01/02 v1.6 sample color configuration
)
Package xcolor Info: Driver file: pdftex.def on input line 225.
(c:/Users/jchustac/dev/TinyTeX/texmf-dist/tex/latex/graphics-def/pdftex.def
File: pdftex.def 2020/10/05 v1.2a Graphics/color driver for pdftex
)
Package xcolor Info: Model `cmy' substituted by `cmy0' on input line 1348.
Package xcolor Info: Model `hsb' substituted by `rgb' on input line 1352.
Package xcolor Info: Model `RGB' extended on input line 1364.
Package xcolor Info: Model `HTML' substituted by `rgb' on input line 1366.
Package xcolor Info: Model `Hsb' substituted by `hsb' on input line 1367.
Package xcolor Info: Model `tHsb' substituted by `hsb' on input line 1368.
Package xcolor Info: Model `HSB' substituted by `hsb' on input line 1369.
Package xcolor Info: Model `Gray' substituted by `gray' on input line 1370.
Package xcolor Info: Model `wave' substituted by `hsb' on input line 1371.
) (c:/Users/jchustac/dev/TinyTeX/texmf-dist/tex/latex/hyperref/hyperref.sty
Package: hyperref 2020-05-15 v7.00e Hypertext links for LaTeX

(c:/Users/jchustac/dev/TinyTeX/texmf-dist/tex/generic/pdftexcmds/pdftexcmds.sty
Package: pdftexcmds 2020-06-27 v0.33 Utility functions of pdfTeX for LuaTeX (HO
)
(c:/Users/jchustac/dev/TinyTeX/texmf-dist/tex/generic/infwarerr/infwarerr.sty
Package: infwarerr 2019/12/03 v1.5 Providing info/warning/error messages (HO)
)
Package pdftexcmds Info: \pdf@primitive is available.
Package pdftexcmds Info: \pdf@ifprimitive is available.
Package pdftexcmds Info: \pdfdraftmode found.
)
(c:/Users/jchustac/dev/TinyTeX/texmf-dist/tex/generic/kvdefinekeys/kvdefinekeys
.sty
Package: kvdefinekeys 2019-12-19 v1.6 Define keys (HO)
) (c:/Users/jchustac/dev/TinyTeX/texmf-dist/tex/generic/pdfescape/pdfescape.sty
Package: pdfescape 2019/12/09 v1.15 Implements pdfTeX's escape features (HO)
) (c:/Users/jchustac/dev/TinyTeX/texmf-dist/tex/latex/hycolor/hycolor.sty
Package: hycolor 2020-01-27 v1.10 Color options for hyperref/bookmark (HO)
)
(c:/Users/jchustac/dev/TinyTeX/texmf-dist/tex/latex/letltxmacro/letltxmacro.sty
Package: letltxmacro 2019/12/03 v1.6 Let assignment for LaTeX macros (HO)
) (c:/Users/jchustac/dev/TinyTeX/texmf-dist/tex/latex/auxhook/auxhook.sty
Package: auxhook 2019-12-17 v1.6 Hooks for auxiliary files (HO)
)
\@linkdim=\dimen149
\Hy@linkcounter=\count199
\Hy@pagecounter=\count266
(c:/Users/jchustac/dev/TinyTeX/texmf-dist/tex/latex/hyperref/pd1enc.def
File: pd1enc.def 2020-05-15 v7.00e Hyperref: PDFDocEncoding definition (HO)
Now handling font encoding PD1 ...
... no UTF-8 mapping file for font encoding PD1
) (c:/Users/jchustac/dev/TinyTeX/texmf-dist/tex/generic/intcalc/intcalc.sty
Package: intcalc 2019/12/15 v1.3 Expandable calculations with integers (HO)
) (c:/Users/jchustac/dev/TinyTeX/texmf-dist/tex/generic/etexcmds/etexcmds.sty
Package: etexcmds 2019/12/15 v1.7 Avoid name clashes with e-TeX commands (HO)
)
\Hy@SavedSpaceFactor=\count267
Package hyperref Info: Option `unicode' set `true' on input line 4338.
(c:/Users/jchustac/dev/TinyTeX/texmf-dist/tex/latex/hyperref/puenc.def
File: puenc.def 2020-05-15 v7.00e Hyperref: PDF Unicode definition (HO)
Now handling font encoding PU ...
... no UTF-8 mapping file for font encoding PU
)
Package hyperref Info: Hyper figures OFF on input line 4464.
Package hyperref Info: Link nesting OFF on input line 4469.
Package hyperref Info: Hyper index ON on input line 4472.
Package hyperref Info: Plain pages OFF on input line 4479.
Package hyperref Info: Backreferencing OFF on input line 4484.
Package hyperref Info: Implicit mode ON; LaTeX internals redefined.
Package hyperref Info: Bookmarks ON on input line 4717.
\c@Hy@tempcnt=\count268
(c:/Users/jchustac/dev/TinyTeX/texmf-dist/tex/latex/url/url.sty
\Urlmuskip=\muskip17
Package: url 2013/09/16  ver 3.4  Verb mode for urls, etc.
)
LaTeX Info: Redefining \url on input line 5076.
\XeTeXLinkMargin=\dimen150
(c:/Users/jchustac/dev/TinyTeX/texmf-dist/tex/generic/bitset/bitset.sty
Package: bitset 2019/12/09 v1.3 Handle bit-vector datatype (HO)

(c:/Users/jchustac/dev/TinyTeX/texmf-dist/tex/generic/bigintcalc/bigintcalc.sty
Package: bigintcalc 2019/12/15 v1.5 Expandable calculations on big integers (HO
)
))
\Fld@menulength=\count269
\Field@Width=\dimen151
\Fld@charsize=\dimen152
Package hyperref Info: Hyper figures OFF on input line 6347.
Package hyperref Info: Link nesting OFF on input line 6352.
Package hyperref Info: Hyper index ON on input line 6355.
Package hyperref Info: backreferencing OFF on input line 6362.
Package hyperref Info: Link coloring OFF on input line 6367.
Package hyperref Info: Link coloring with OCG OFF on input line 6372.
Package hyperref Info: PDF/A mode OFF on input line 6377.
LaTeX Info: Redefining \ref on input line 6417.
LaTeX Info: Redefining \pageref on input line 6421.
(c:/Users/jchustac/dev/TinyTeX/texmf-dist/tex/latex/base/atbegshi-ltx.sty
Package: atbegshi-ltx 2020/08/17 v1.0a Emulation of the original atbegshi packa
ge
with kernel methods
)
\Hy@abspage=\count270
\c@Item=\count271
\c@Hfootnote=\count272
)
Package hyperref Info: Driver (autodetected): hpdftex.
(c:/Users/jchustac/dev/TinyTeX/texmf-dist/tex/latex/hyperref/hpdftex.def
File: hpdftex.def 2020-05-15 v7.00e Hyperref driver for pdfTeX
(c:/Users/jchustac/dev/TinyTeX/texmf-dist/tex/latex/base/atveryend-ltx.sty
Package: atveryend-ltx 2020/08/19 v1.0a Emulation of the original atvery packag
e
with kernel methods
)
\Fld@listcount=\count273
\c@bookmark@seq@number=\count274

(c:/Users/jchustac/dev/TinyTeX/texmf-dist/tex/latex/rerunfilecheck/rerunfileche
ck.sty
Package: rerunfilecheck 2019/12/05 v1.9 Rerun checks for auxiliary files (HO)

(c:/Users/jchustac/dev/TinyTeX/texmf-dist/tex/generic/uniquecounter/uniquecount
er.sty
Package: uniquecounter 2019/12/15 v1.4 Provide unlimited unique counter (HO)
)
Package uniquecounter Info: New unique counter `rerunfilecheck' on input line 2
86.
)
\Hy@SectionHShift=\skip53
) (c:/Users/jchustac/dev/TinyTeX/texmf-dist/tex/latex/graphics/graphicx.sty
Package: graphicx 2020/09/09 v1.2b Enhanced LaTeX Graphics (DPC,SPQR)
(c:/Users/jchustac/dev/TinyTeX/texmf-dist/tex/latex/graphics/graphics.sty
Package: graphics 2020/08/30 v1.4c Standard LaTeX Graphics (DPC,SPQR)
(c:/Users/jchustac/dev/TinyTeX/texmf-dist/tex/latex/graphics/trig.sty
Package: trig 2016/01/03 v1.10 sin cos tan (DPC)
) (c:/Users/jchustac/dev/TinyTeX/texmf-dist/tex/latex/graphics-cfg/graphics.cfg
File: graphics.cfg 2016/06/04 v1.11 sample graphics configuration
)
Package graphics Info: Driver file: pdftex.def on input line 105.
)
\Gin@req@height=\dimen153
\Gin@req@width=\dimen154
)
(c:/Users/jchustac/dev/TinyTeX/texmf-dist/tex/latex/l3backend/l3backend-pdftex.
def
File: l3backend-pdftex.def 2020-09-24 L3 backend support: PDF output (pdfTeX)
\l__kernel_color_stack_int=\count275
\l__pdf_internal_box=\box49
) (./HLSR_ACE.aux)
\openout1 = `HLSR_ACE.aux'.

LaTeX Font Info:    Checking defaults for OML/cmm/m/it on input line 69.
LaTeX Font Info:    ... okay on input line 69.
LaTeX Font Info:    Checking defaults for OMS/cmsy/m/n on input line 69.
LaTeX Font Info:    ... okay on input line 69.
LaTeX Font Info:    Checking defaults for OT1/cmr/m/n on input line 69.
LaTeX Font Info:    ... okay on input line 69.
LaTeX Font Info:    Checking defaults for T1/cmr/m/n on input line 69.
LaTeX Font Info:    ... okay on input line 69.
LaTeX Font Info:    Checking defaults for TS1/cmr/m/n on input line 69.
LaTeX Font Info:    ... okay on input line 69.
LaTeX Font Info:    Checking defaults for OMX/cmex/m/n on input line 69.
LaTeX Font Info:    ... okay on input line 69.
LaTeX Font Info:    Checking defaults for U/cmr/m/n on input line 69.
LaTeX Font Info:    ... okay on input line 69.
LaTeX Font Info:    Checking defaults for PD1/pdf/m/n on input line 69.
LaTeX Font Info:    ... okay on input line 69.
LaTeX Font Info:    Checking defaults for PU/pdf/m/n on input line 69.
LaTeX Font Info:    ... okay on input line 69.
LaTeX Info: Redefining \microtypecontext on input line 69.
Package microtype Info: Generating PDF output.
Package microtype Info: Character protrusion enabled (level 2).
Package microtype Info: Using protrusion set `basicmath'.
Package microtype Info: Automatic font expansion enabled (level 2),
(microtype)             stretch: 20, shrink: 20, step: 1, non-selected.
Package microtype Info: Using default expansion set `basictext'.
LaTeX Info: Redefining \showhyphens on input line 69.
Package microtype Info: No adjustment of tracking.
Package microtype Info: No adjustment of interword spacing.
Package microtype Info: No adjustment of character kerning.
(c:/Users/jchustac/dev/TinyTeX/texmf-dist/tex/latex/microtype/mt-cmr.cfg
File: mt-cmr.cfg 2013/05/19 v2.2 microtype config. file: Computer Modern Roman 
(RS)
)
(c:/Users/jchustac/dev/TinyTeX/texmf-dist/tex/latex/epstopdf-pkg/epstopdf-base.
sty
Package: epstopdf-base 2020-01-24 v2.11 Base part for package epstopdf
Package epstopdf-base Info: Redefining graphics rule for `.eps' on input line 4
85.

(c:/Users/jchustac/dev/TinyTeX/texmf-dist/tex/latex/latexconfig/epstopdf-sys.cf
g
File: epstopdf-sys.cfg 2010/07/13 v1.3 Configuration of (r)epstopdf for TeX Liv
e
))
Package hyperref Info: Link coloring OFF on input line 69.
(c:/Users/jchustac/dev/TinyTeX/texmf-dist/tex/latex/hyperref/nameref.sty
Package: nameref 2019/09/16 v2.46 Cross-referencing by name of section
(c:/Users/jchustac/dev/TinyTeX/texmf-dist/tex/latex/refcount/refcount.sty
Package: refcount 2019/12/15 v3.6 Data extraction from label references (HO)
)
(c:/Users/jchustac/dev/TinyTeX/texmf-dist/tex/generic/gettitlestring/gettitlest
ring.sty
Package: gettitlestring 2019/12/15 v1.6 Cleanup title references (HO)
)
\c@section@level=\count276
)
LaTeX Info: Redefining \ref on input line 69.
LaTeX Info: Redefining \pageref on input line 69.
LaTeX Info: Redefining \nameref on input line 69.
(./HLSR_ACE.out) (./HLSR_ACE.out)
\@outlinefile=\write3
\openout3 = `HLSR_ACE.out'.

LaTeX Font Info:    Trying to load font information for OT1+lmr on input line 7
2.
(c:/Users/jchustac/dev/TinyTeX/texmf-dist/tex/latex/lm/ot1lmr.fd
File: ot1lmr.fd 2009/10/30 v1.6 Font defs for Latin Modern
)
LaTeX Font Info:    Trying to load font information for OML+lmm on input line 7
2.
(c:/Users/jchustac/dev/TinyTeX/texmf-dist/tex/latex/lm/omllmm.fd
File: omllmm.fd 2009/10/30 v1.6 Font defs for Latin Modern
)
LaTeX Font Info:    Trying to load font information for OMS+lmsy on input line 
72.
(c:/Users/jchustac/dev/TinyTeX/texmf-dist/tex/latex/lm/omslmsy.fd
File: omslmsy.fd 2009/10/30 v1.6 Font defs for Latin Modern
)
LaTeX Font Info:    Trying to load font information for OMX+lmex on input line 
72.
(c:/Users/jchustac/dev/TinyTeX/texmf-dist/tex/latex/lm/omxlmex.fd
File: omxlmex.fd 2009/10/30 v1.6 Font defs for Latin Modern
)
LaTeX Font Info:    External font `lmex10' loaded for size
(Font)              <12> on input line 72.
LaTeX Font Info:    External font `lmex10' loaded for size
(Font)              <8> on input line 72.
LaTeX Font Info:    External font `lmex10' loaded for size
(Font)              <6> on input line 72.
LaTeX Font Info:    Trying to load font information for U+msa on input line 72.

(c:/Users/jchustac/dev/TinyTeX/texmf-dist/tex/latex/amsfonts/umsa.fd
File: umsa.fd 2013/01/14 v3.01 AMS symbols A
) (c:/Users/jchustac/dev/TinyTeX/texmf-dist/tex/latex/microtype/mt-msa.cfg
File: mt-msa.cfg 2006/02/04 v1.1 microtype config. file: AMS symbols (a) (RS)
)
LaTeX Font Info:    Trying to load font information for U+msb on input line 72.

(c:/Users/jchustac/dev/TinyTeX/texmf-dist/tex/latex/amsfonts/umsb.fd
File: umsb.fd 2013/01/14 v3.01 AMS symbols B
) (c:/Users/jchustac/dev/TinyTeX/texmf-dist/tex/latex/microtype/mt-msb.cfg
File: mt-msb.cfg 2005/06/01 v1.0 microtype config. file: AMS symbols (b) (RS)
)
Overfull \hbox (22.23546pt too wide) in paragraph at lines 72--72
 [][] 
 []

[1



{c:/Users/jchustac/dev/TinyTeX/texmf-var/fonts/map/pdftex/updmap/pdftex.map}] [
2

] [1

] [2

]
<figures/Figure-1-1.png, id=55, 2678.20575pt x 1272.55424pt>
File: figures/Figure-1-1.png Graphic file (type png)
<use figures/Figure-1-1.png>
Package pdftex.def Info: figures/Figure-1-1.png  used on input line 112.
(pdftex.def)             Requested size: 275.96861pt x 131.12697pt.
<figures/Figure-1-2.png, id=57, 510.74849pt x 159.72278pt>
File: figures/Figure-1-2.png Graphic file (type png)
<use figures/Figure-1-2.png>
Package pdftex.def Info: figures/Figure-1-2.png  used on input line 135.
(pdftex.def)             Requested size: 276.0105pt x 86.3148pt.
[3]
<figures/Figure-1-3.png, id=62, 511.9631pt x 311.5505pt>
File: figures/Figure-1-3.png Graphic file (type png)
<use figures/Figure-1-3.png>
Package pdftex.def Info: figures/Figure-1-3.png  used on input line 155.
(pdftex.def)             Requested size: 276.01068pt x 167.96379pt.
LaTeX Font Info:    Trying to load font information for TS1+lmr on input line 1
69.
(c:/Users/jchustac/dev/TinyTeX/texmf-dist/tex/latex/lm/ts1lmr.fd
File: ts1lmr.fd 2009/10/30 v1.6 Font defs for Latin Modern
) [4 <./figures/Figure-1-1.png> <./figures/Figure-1-2.png>] [5 <./figures/Figur
e-1-3.png>] [6

]
<figures/Figure-2-1.png, id=85, 511.9631pt x 337.66487pt>
File: figures/Figure-2-1.png Graphic file (type png)
<use figures/Figure-2-1.png>
Package pdftex.def Info: figures/Figure-2-1.png  used on input line 199.
(pdftex.def)             Requested size: 276.01068pt x 182.04263pt.
[7 <./figures/Figure-2-1.png>]
<figures/Figure-2-2.png, id=92, 452.28975pt x 866.0355pt>
File: figures/Figure-2-2.png Graphic file (type png)
<use figures/Figure-2-2.png>
Package pdftex.def Info: figures/Figure-2-2.png  used on input line 225.
(pdftex.def)             Requested size: 275.99986pt x 528.47911pt.

Underfull \vbox (badness 10000) has occurred while \output is active []

[8] [9 <./figures/Figure-2-2.png>]
<figures/Figure-2-3.png, id=102, 309.72858pt x 256.28522pt>
File: figures/Figure-2-3.png Graphic file (type png)
<use figures/Figure-2-3.png>
Package pdftex.def Info: figures/Figure-2-3.png  used on input line 239.
(pdftex.def)             Requested size: 241.50224pt x 199.83127pt.
[10 <./figures/Figure-2-3.png>]
<figures/Figure-2-4.png, id=109, 205.27109pt x 256.28522pt>
File: figures/Figure-2-4.png Graphic file (type png)
<use figures/Figure-2-4.png>
Package pdftex.def Info: figures/Figure-2-4.png  used on input line 301.
(pdftex.def)             Requested size: 205.27057pt x 256.28459pt.
<figures/Figure-2-5.png, id=110, 255.8358pt x 460.119pt>
File: figures/Figure-2-5.png Graphic file (type png)
<use figures/Figure-2-5.png>
Package pdftex.def Info: figures/Figure-2-5.png  used on input line 308.
(pdftex.def)             Requested size: 241.50456pt x 434.34436pt.
[11 <./figures/Figure-2-4.png>]
<figures/Figure-2-6.png, id=117, 256.89252pt x 190.08832pt>
File: figures/Figure-2-6.png Graphic file (type png)
<use figures/Figure-2-6.png>
Package pdftex.def Info: figures/Figure-2-6.png  used on input line 326.
(pdftex.def)             Requested size: 206.99991pt x 153.17014pt.
<figures/Figure-2-7.png, id=118, 265.9536pt x 387.849pt>
File: figures/Figure-2-7.png Graphic file (type png)
<use figures/Figure-2-7.png>
Package pdftex.def Info: figures/Figure-2-7.png  used on input line 338.
(pdftex.def)             Requested size: 241.51088pt x 352.20337pt.
[12] [13 <./figures/Figure-2-5.png>] [14 <./figures/Figure-2-6.png>] [15 <./fig
ures/Figure-2-7.png>] [16

]
LaTeX Font Info:    External font `lmex10' loaded for size
(Font)              <10> on input line 406.
LaTeX Font Info:    External font `lmex10' loaded for size
(Font)              <7> on input line 406.
LaTeX Font Info:    External font `lmex10' loaded for size
(Font)              <5> on input line 406.
<figures/Figure-3-1-Left.png, id=147, 256.3176pt x 155.6214pt>
File: figures/Figure-3-1-Left.png Graphic file (type png)
<use figures/Figure-3-1-Left.png>
Package pdftex.def Info: figures/Figure-3-1-Left.png  used on input line 422.
(pdftex.def)             Requested size: 172.50238pt x 104.73357pt.
<figures/Figure-3-1-Right.png, id=148, 256.28522pt x 148.18387pt>
File: figures/Figure-3-1-Right.png Graphic file (type png)
<use figures/Figure-3-1-Right.png>
Package pdftex.def Info: figures/Figure-3-1-Right.png  used on input line 422.
(pdftex.def)             Requested size: 172.50014pt x 99.7394pt.
<figures/Figure-3-2.png, id=149, 512.1534pt x 311.7246pt>
File: figures/Figure-3-2.png Graphic file (type png)
<use figures/Figure-3-2.png>
Package pdftex.def Info: figures/Figure-3-2.png  used on input line 439.
(pdftex.def)             Requested size: 345.01656pt x 209.99596pt.
[17] [18 <./figures/Figure-3-1-Left.png> <./figures/Figure-3-1-Right.png> <./fi
gures/Figure-3-2.png>]
<figures/Figure-4-1.png, id=169, 379.56932pt x 270.86067pt>
File: figures/Figure-4-1.png Graphic file (type png)
<use figures/Figure-4-1.png>
Package pdftex.def Info: figures/Figure-4-1.png  used on input line 481.
(pdftex.def)             Requested size: 241.49876pt x 172.33351pt.
<figures/Figure-4-2.png, id=170, 276.597pt x 222.066pt>
File: figures/Figure-4-2.png Graphic file (type png)
<use figures/Figure-4-2.png>
Package pdftex.def Info: figures/Figure-4-2.png  used on input line 502.
(pdftex.def)             Requested size: 241.49843pt x 193.88707pt.
<figures/Figure-4-3.png, id=171, 952.0368pt x 320.397pt>
File: figures/Figure-4-3.png Graphic file (type png)
<use figures/Figure-4-3.png>
Package pdftex.def Info: figures/Figure-4-3.png  used on input line 514.
(pdftex.def)             Requested size: 275.99643pt x 92.8834pt.
[19

] [20 <./figures/Figure-4-1.png> <./figures/Figure-4-2.png> <./figures/Figure-4
-3.png>]
<figures/Figure-4-4.png, id=192, 3609.8865pt x 2228.325pt>
File: figures/Figure-4-4.png Graphic file (type png)
<use figures/Figure-4-4.png>
Package pdftex.def Info: figures/Figure-4-4.png  used on input line 541.
(pdftex.def)             Requested size: 275.96263pt x 170.3473pt.
<figures/Figure-4-5.png, id=193, 721.2546pt x 445.1832pt>
File: figures/Figure-4-5.png Graphic file (type png)
<use figures/Figure-4-5.png>
Package pdftex.def Info: figures/Figure-4-5.png  used on input line 552.
(pdftex.def)             Requested size: 275.99454pt x 170.35335pt.
<figures/Figure-4-6.png, id=194, 720.7728pt x 444.7014pt>
File: figures/Figure-4-6.png Graphic file (type png)
<use figures/Figure-4-6.png>
Package pdftex.def Info: figures/Figure-4-6.png  used on input line 563.
(pdftex.def)             Requested size: 276.00813pt x 170.29112pt.
<figures/Figure-4-7.png, id=195, 3606.273pt x 2225.31375pt>
File: figures/Figure-4-7.png Graphic file (type png)
<use figures/Figure-4-7.png>
Package pdftex.def Info: figures/Figure-4-7.png  used on input line 575.
(pdftex.def)             Requested size: 275.96153pt x 170.28688pt.
[21 <./figures/Figure-4-4.png>] [22 <./figures/Figure-4-5.png> <./figures/Figur
e-4-6.png>] [23 <./figures/Figure-4-7.png>] [24

]
<figures/Figure-5-1.png, id=222, 405.6756pt x 272.217pt>
File: figures/Figure-5-1.png Graphic file (type png)
<use figures/Figure-5-1.png>
Package pdftex.def Info: figures/Figure-5-1.png  used on input line 628.
(pdftex.def)             Requested size: 241.49449pt x 162.04794pt.

! LaTeX Error: Environment infobox undefined.

See the LaTeX manual or LaTeX Companion for explanation.
Type  H <return>  for immediate help.
 ...                                              
                                                  
l.635 \begin{infobox}
                      
Here is how much of TeX's memory you used:
 12161 strings out of 481865
 181162 string characters out of 5929310
 490205 words of memory out of 5000000
 28111 multiletter control sequences out of 15000+600000
 596748 words of font info for 119 fonts, out of 8000000 for 9000
 14 hyphenation exceptions out of 8191
 66i,8n,72p,513b,400s stack positions out of 5000i,500n,10000p,200000b,80000s

!  ==> Fatal error occurred, no output PDF file produced!
